36M-001A
36M-002A
36M-003A
36M-004A
36M-005A
36M-006A
36M-007E
36M-008A
36M-009A
36M-010A
36M-011A
36M-012A
36M-013A
36M-021D
36M-022D
36M-023D
36M-025D
36M-027D
36M-028D
36M-029D
36M-030D
36M-031D
36M-033D
36M-034D
36M-035D
36M-037D
36M-038D
36M-045D
36M-047D
36M-049D
36M-050D
37M-001A
37M-002A
37M-004A
37M-005A
37M-006A
37M-007E
37M-008A
37M-009A
37M-011A
37M-012A
37M-013A
37M-015D
37M-021D
37M-022D
37M-023D
37M-025D
37M-027D
37M-028D
37M-029D
37M-030D
37M-031D
37M-032D
37M-033D
37M-034D
37M-035D
37M-036D
37M-037D
37M-038D
37M-039D
37M-046D
37M-048D
37M-050D
37M-051D
38M-001A
38M-002A
38M-003A
38M-004A
38M-005A
38M-006A
38M-007E
38M-008A
38M-009A
38M-010A
38M-011A
38M-012A
38M-013A
38M-017D
38M-022D
38M-023D
38M-024D
38M-026D
38M-027D
38M-028D
38M-029D
38M-030D
38M-031D
38M-032D
38M-033D
38M-034D
38M-035D
38M-036D
38M-037D
38M-038D
38M-039D
38M-040D
38M-041D
38M-047D
38M-048D
38M-049D
38M-051D
38M-052D
39F-001A
39F-002A
39F-004A
39F-005A
39F-006A
39F-007E
39F-008A
39F-009A
39F-011A
39F-015D
39F-019D
39F-021D
39F-025D
39F-027D
39F-028D
39F-029D
39F-030D
39F-031D
39F-032D
39F-033D
39F-034D
39F-035D
39F-036D
39F-037D
39F-039D
39F-040D
39F-045D
39F-047D
39F-049D
39F-051D
39F-052D
40M-001A
40M-002A
40M-004A
40M-005A
40M-007E
40M-008A
40M-009A
40M-011A
40M-012A
40M-013A
40M-021D
40M-023D
40M-025D
40M-027D
40M-028D
40M-029D
40M-030D
40M-031D
40M-032D
40M-033D
40M-034D
40M-035D
40M-036D
40M-037D
40M-038D
40M-039D
40M-046D
40M-048D
40M-049D
40M-050D
40M-051D
41F-001A
41F-002A
41F-004A
41F-005A
41F-006A
41F-008A
41F-009A
41F-011A
41F-012A
41F-013A
41F-015D
41F-021D
41F-023D
41F-024D
41F-025D
41F-026D
41F-027D
41F-028D
41F-029D
41F-030D
41F-031D
41F-032D
41F-033D
41F-034D
41F-035D
41F-036D
41F-038D
41F-039D
41F-042D
41F-046D
41F-048D
41F-050D
41F-051D
42M-001A
42M-002A
42M-003A
42M-004A
42M-005A
42M-006A
42M-007E
42M-008A
42M-009A
42M-011A
42M-012A
42M-013A
42M-017D
42M-026D
42M-028D
42M-029D
42M-030D
42M-031D
42M-032D
42M-033D
42M-034D
42M-035D
42M-036D
42M-037D
42M-038D
42M-039D
42M-040D
42M-041D
42M-042D
42M-043D
42M-044D
42M-052D
42M-054D
43F-001A
43F-002A
43F-003A
43F-004A
43F-005A
43F-006A
43F-008A
43F-009A
43F-011A
43F-012A
43F-013A
43F-022D
43F-027D
43F-028D
43F-029D
43F-030D
43F-031D
43F-032D
43F-033D
43F-034D
43F-035D
43F-037D
43F-045D
43F-047D
43F-049D
44F-001A
44F-002A
44F-004A
44F-005A
44F-006A
44F-007E
44F-008A
44F-009A
44F-011A
44F-012A
44F-021D
44F-023D
44F-025D
44F-026D
44F-027D
44F-028D
44F-029D
44F-030D
44F-031D
44F-032D
44F-033D
44F-034D
44F-035D
44F-036D
44F-037D
44F-038D
44F-039D
44F-040D
44F-043D
44F-047D
44F-049D
44F-050D
44F-051D
45M-001A
45M-002A
45M-003A
45M-004A
45M-006A
45M-007E
45M-008A
45M-009A
45M-011A
45M-012A
45M-013A
45M-021D
45M-022D
45M-023D
45M-025D
45M-027D
45M-028D
45M-029D
45M-030D
45M-031D
45M-032D
45M-033D
45M-034D
45M-035D
45M-036D
45M-037D
45M-041D
45M-045D
45M-047D
45M-049D
45M-050D
46F-001A
46F-002A
46F-004A
46F-005A
46F-006A
46F-007E
46F-008A
46F-009A
46F-011A
46F-012A
46F-013A
46F-014E
46F-021D
46F-022D
46F-023D
46F-025D
46F-026D
46F-028D
46F-029D
46F-030D
46F-031D
46F-032D
46F-033D
46F-034D
46F-035D
46F-036D
46F-037D
46F-038D
46F-039D
46F-040D
46F-041D
46F-042D
46F-044D
46F-049D
46F-050D
46F-051D
46F-052D
46F-053D
46F-054D
