01M-001B
01M-002B
01M-003B
01M-004B
01M-005B
01M-006B
01M-007B
01M-008B
01M-009B
01M-010B
01M-011B
01M-012B
01M-013B
01M-014B
01M-015B
01M-016B
01M-017B
01M-018B
01M-019B
01M-020B
01M-021B
01M-023A
01M-024B
01M-025A
01M-026B
01M-028A
01M-029A
01M-030B
01M-031B
01M-032B
01M-035D
01M-036D
01M-037D
01M-038D
01M-039D
01M-041D
01M-045D
01M-046D
01M-047D
01M-049D
01M-052D
01M-054D
01M-058D
01M-061D
01M-062D
01M-063D
01M-065D
01M-067D
01M-068D
01M-073D
01M-075D
01M-077D
01M-081D
01M-083D
01M-084D
01M-085D
01M-086D
01M-088D
01M-090D
01M-091D
01M-095A
01M-096A
01M-098A
01M-099A
01M-101A
01M-102A
01M-103A
01M-104A
01M-105A
01M-106A
01M-107A
01M-108A
01M-109A
01M-110A
01M-111A
01M-112A
01M-114D
01M-115D
01M-116D
01M-117D
01M-118D
01M-119D
01M-120D
02M-001B
02M-002B
02M-003B
02M-004B
02M-005B
02M-006B
02M-007B
02M-008B
02M-009B
02M-010B
02M-011B
02M-012B
02M-013B
02M-014B
02M-015B
02M-016B
02M-017B
02M-018B
02M-019B
02M-020B
02M-021B
02M-022B
02M-024A
02M-025B
02M-026A
02M-027B
02M-028A
02M-029A
02M-030A
02M-031B
02M-032B
02M-033B
02M-035E
02M-036A
02M-037A
02M-042A
02M-043A
02M-045A
02M-047A
02M-048A
02M-050A
02M-051A
02M-052A
02M-055D
02M-056D
02M-074D
02M-077D
02M-078D
02M-079D
02M-081D
02M-082D
02M-083D
02M-085D
02M-087D
02M-088D
02M-093D
02M-095D
02M-097D
02M-101D
02M-103D
02M-105D
02M-106D
02M-107D
02M-109D
02M-111D
02M-112D
02M-115D
02M-116D
02M-117D
02M-118D
02M-119D
02M-120D
02M-121D
02M-122D
03F-001B
03F-002B
03F-003B
03F-004B
03F-005B
03F-006B
03F-007B
03F-008B
03F-009B
03F-010B
03F-011B
03F-012B
03F-013B
03F-014B
03F-015B
03F-016A
03F-017B
03F-018A
03F-019A
03F-020A
03F-021A
03F-022A
03F-023A
03F-024A
03F-025A
03F-026A
03F-027A
03F-028A
03F-029A
03F-034D
03F-038D
03F-039D
03F-042D
03F-043D
03F-047D
03F-048D
03F-052D
03F-053D
03F-054D
03F-055D
03F-056D
03F-057D
04M-001B
04M-002B
04M-003B
04M-004B
04M-005B
04M-006B
04M-007B
04M-008B
04M-009B
04M-010B
04M-011B
04M-012B
04M-013B
04M-014B
04M-015B
04M-016B
04M-017B
04M-018B
04M-019B
04M-020B
04M-021B
04M-022B
04M-024A
04M-025B
04M-026A
04M-027B
04M-028A
04M-029A
04M-030A
04M-031B
04M-032B
04M-033B
04M-034E
04M-036A
04M-037A
04M-038A
04M-039A
04M-040A
04M-041A
04M-042A
04M-043A
04M-044A
04M-045A
04M-046A
04M-047A
04M-048A
04M-049A
04M-050A
04M-051A
04M-052A
04M-053A
04M-054A
04M-063D
04M-065D
04M-067D
04M-072D
04M-075D
04M-077D
04M-078D
04M-079D
04M-081D
04M-082D
04M-084D
04M-088D
04M-089D
04M-093D
04M-094D
04M-095D
04M-103D
04M-104D
04M-106D
04M-107D
04M-108D
04M-109D
04M-110D
04M-112D
04M-114D
04M-115D
04M-119D
04M-120D
04M-121D
04M-122D
04M-123D
04M-124D
05M-001B
05M-002B
05M-003B
05M-004B
05M-005B
05M-006B
05M-007B
05M-008B
05M-009B
05M-010B
05M-011B
05M-012B
05M-013B
05M-014B
05M-015B
05M-016B
05M-017B
05M-018B
05M-019B
05M-020B
05M-021B
05M-022B
05M-023A
05M-024A
05M-025B
05M-026A
05M-027B
05M-028A
05M-029A
05M-030A
05M-031B
05M-032B
05M-033B
05M-036A
05M-037A
05M-038A
05M-039A
05M-040A
05M-041A
05M-042A
05M-043A
05M-044A
05M-045A
05M-046A
05M-047A
05M-049D
05M-050D
05M-051D
05M-052D
05M-053D
05M-054D
05M-057D
05M-058D
05M-059D
05M-060D
05M-061D
05M-063D
05M-064D
05M-065D
05M-066D
05M-068D
05M-071D
05M-072D
05M-073D
05M-075D
05M-076D
05M-077D
05M-079D
05M-081D
05M-082D
05M-086D
05M-087D
05M-089D
05M-092D
05M-096D
05M-098D
05M-099D
05M-100D
05M-101D
05M-103D
05M-105D
05M-106D
05M-110D
05M-111D
05M-112D
05M-113D
05M-114D
06F-001B
06F-002B
06F-003B
06F-004B
06F-005B
06F-006B
06F-007B
06F-008B
06F-009B
06F-010B
06F-011B
06F-012B
06F-013B
06F-014B
06F-016A
06F-017B
06F-018B
06F-019A
06F-020A
06F-021A
06F-022B
06F-023B
06F-024B
06F-027A
06F-028A
06F-030A
06F-031A
06F-034A
06F-035A
06F-036A
06F-037A
06F-038A
06F-039A
06F-040A
06F-041A
06F-042A
06F-044A
06F-046A
06F-047A
06F-050D
06F-052D
06F-057D
06F-060D
06F-061D
06F-064D
06F-066D
06F-067D
06F-072D
06F-077D
06F-088D
06F-089D
06F-090D
06F-093D
06F-101D
06F-102D
06F-104D
06F-110D
06F-112D
06F-114D
07F-001B
07F-002B
07F-003B
07F-004B
07F-005B
07F-006B
07F-007B
07F-008B
07F-009B
07F-010B
07F-011B
07F-012B
07F-013B
07F-014B
07F-015B
07F-016A
07F-017B
07F-018A
07F-019B
07F-020A
07F-021A
07F-022A
07F-023B
07F-024B
07F-025B
07F-027E
07F-028A
07F-029A
07F-031A
07F-032A
07F-034A
07F-035A
07F-036A
07F-037A
07F-038A
07F-039A
07F-040A
07F-041A
07F-042A
07F-043A
07F-044A
07F-045A
07F-048D
07F-050D
07F-053D
07F-054D
07F-055D
07F-057D
07F-058D
07F-059D
07F-061D
07F-063D
07F-064D
07F-066D
07F-070D
07F-071D
07F-082D
07F-085D
07F-087D
07F-090D
07F-094D
07F-095D
07F-096D
07F-097D
07F-098D
07F-099D
07F-101D
07F-103D
07F-104D
07F-106D
07F-107D
07F-108D
07F-109D
07F-110D
07F-111D
07F-112D
08M-001B
08M-002B
08M-003B
08M-004B
08M-005B
08M-006B
08M-007B
08M-008B
08M-009B
08M-010B
08M-011B
08M-012B
08M-013B
08M-014B
08M-015B
08M-016A
08M-017B
08M-018A
08M-019A
08M-020B
08M-021A
08M-022A
08M-023A
08M-024B
08M-025B
08M-026B
08M-027B
08M-030A
08M-031A
08M-033A
08M-034A
08M-036A
08M-037A
08M-038A
08M-039A
08M-040A
08M-041A
08M-042A
08M-043A
08M-044A
08M-045A
08M-048D
08M-050D
08M-053D
08M-054D
08M-055D
08M-056D
08M-057D
08M-058D
08M-059D
08M-061D
08M-063D
08M-064D
08M-065D
08M-066D
08M-068D
08M-070D
08M-077D
08M-083D
08M-084D
08M-087D
08M-089D
08M-093D
08M-094D
08M-095D
08M-096D
08M-097D
08M-098D
08M-100D
08M-102D
08M-103D
08M-104D
08M-105D
08M-106D
08M-107D
08M-108D
08M-109D
08M-110D
09F-001B
09F-002B
09F-003B
09F-004B
09F-005B
09F-006B
09F-007B
09F-008B
09F-009B
09F-010B
09F-011B
09F-012B
09F-013B
09F-014B
09F-015A
09F-016B
09F-017A
09F-018B
09F-019A
09F-020A
09F-021A
09F-022B
09F-024B
09F-027A
09F-028A
09F-030A
09F-031A
09F-033A
09F-034A
09F-035A
09F-036A
09F-037A
09F-038A
09F-039A
09F-040A
09F-041A
09F-042A
09F-043A
09F-044A
09F-053D
09F-059D
09F-071D
09F-086D
09F-087D
09F-099D
09F-100D
09F-109D
09F-110D
09F-111D
09F-112D
10F-001B
10F-004B
10F-005B
10F-006B
10F-007B
10F-008B
10F-009B
10F-010B
10F-011B
10F-012B
10F-013B
10F-014B
10F-015B
10F-016A
10F-017B
10F-018A
10F-019B
10F-020A
10F-021A
10F-022A
10F-023B
10F-024B
10F-025B
10F-028A
10F-029A
10F-031A
10F-032A
10F-034A
10F-035A
10F-036A
10F-037A
10F-038A
10F-039A
10F-040A
10F-041A
10F-042A
10F-043A
10F-044A
10F-045A
10F-050D
10F-052D
10F-053D
10F-054D
10F-055D
10F-057D
10F-058D
10F-061D
10F-064D
10F-065D
10F-070D
10F-071D
10F-072D
10F-074D
10F-084D
10F-087D
10F-089D
10F-091D
10F-095D
10F-096D
10F-097D
10F-098D
10F-100D
10F-101D
10F-105D
10F-106D
10F-107D
10F-108D
10F-109D
11M-001B
11M-002B
11M-003B
11M-004B
11M-005B
11M-006B
11M-007B
11M-008B
11M-009B
11M-010B
11M-011B
11M-012B
11M-013B
11M-014B
11M-015B
11M-016A
11M-017B
11M-018A
11M-019B
11M-020A
11M-021A
11M-022A
11M-023B
11M-024B
11M-025B
11M-027E
11M-028A
11M-029A
11M-031A
11M-032A
11M-034A
11M-035A
11M-036A
11M-037A
11M-038A
11M-039A
11M-040A
11M-041A
11M-042A
11M-043A
11M-044A
11M-045A
11M-047D
11M-050D
11M-054D
11M-055D
11M-057D
11M-059D
11M-062D
11M-064D
11M-065D
11M-066D
11M-071D
11M-072D
11M-073D
11M-088D
11M-089D
11M-091D
11M-093D
11M-097D
11M-098D
11M-099D
11M-100D
11M-102D
11M-103D
11M-107D
11M-108D
11M-109D
11M-111D
11M-112D
11M-113D
11M-114D
11M-116D
12M-001B
12M-002B
12M-003B
12M-004B
12M-005B
12M-006B
12M-007B
12M-008B
12M-009B
12M-010B
12M-011B
12M-012B
12M-013B
12M-014B
12M-015B
12M-016A
12M-017B
12M-018A
12M-019B
12M-021A
12M-022A
12M-023B
12M-024B
12M-025B
12M-026E
12M-027E
12M-028A
12M-029A
12M-030A
12M-031A
12M-032A
12M-034A
12M-035A
12M-036A
12M-037A
12M-038A
12M-039A
12M-040A
12M-041A
12M-042A
12M-043A
12M-044A
12M-045A
12M-047D
12M-048D
12M-049D
12M-050D
12M-051D
12M-053D
12M-054D
12M-055D
12M-057D
12M-058D
12M-059D
12M-061D
12M-064D
12M-069D
12M-077D
12M-078D
12M-087D
12M-093D
12M-095D
12M-096D
12M-097D
12M-098D
12M-100D
12M-102D
12M-103D
12M-106D
12M-107D
12M-108D
12M-109D
12M-111D
13F-001B
13F-002B
13F-003B
13F-004B
13F-005B
13F-006B
13F-007B
13F-008B
13F-009B
13F-010B
13F-011B
13F-012B
13F-013B
13F-014B
13F-015A
13F-016B
13F-017A
13F-018B
13F-019A
13F-020A
13F-021A
13F-022B
13F-023B
13F-024B
13F-027A
13F-028A
13F-029A
13F-030A
13F-031A
13F-033A
13F-034A
13F-035A
13F-036A
13F-037A
13F-038A
13F-039A
13F-040A
13F-041A
13F-042A
13F-043A
13F-044A
13F-047D
13F-049D
13F-052D
13F-053D
13F-054D
13F-055D
13F-056D
13F-057D
13F-058D
13F-060D
13F-062D
13F-063D
13F-067D
13F-068D
13F-084D
13F-086D
13F-088D
13F-092D
13F-093D
13F-094D
13F-095D
13F-096D
13F-097D
13F-099D
13F-101D
13F-102D
13F-104D
13F-105D
13F-106D
13F-107D
13F-108D
13F-109D
13F-110D
14M-001B
14M-002B
14M-003B
14M-004B
14M-005B
14M-006B
14M-007B
14M-008B
14M-009B
14M-010B
14M-011B
14M-012B
14M-013B
14M-014B
14M-015B
14M-016A
14M-017B
14M-018A
14M-019B
14M-020A
14M-021A
14M-022A
14M-023B
14M-024B
14M-025B
14M-028A
14M-029A
14M-031A
14M-032A
14M-033A
14M-034A
14M-036A
14M-037A
14M-038A
14M-039A
14M-040A
14M-041A
14M-042A
14M-043A
14M-044A
14M-045A
14M-048D
14M-050D
14M-053D
14M-054D
14M-055D
14M-057D
14M-059D
14M-060D
14M-062D
14M-065D
14M-066D
14M-068D
14M-071D
14M-072D
14M-073D
14M-078D
14M-082D
14M-088D
14M-090D
14M-092D
14M-093D
14M-096D
14M-097D
14M-098D
14M-099D
14M-100D
14M-101D
14M-103D
14M-105D
14M-106D
14M-108D
14M-109D
14M-110D
14M-111D
14M-112D
14M-113D
14M-114D
15M-001B
15M-002B
15M-003B
15M-004B
15M-005B
15M-006B
15M-007B
15M-008B
15M-009B
15M-010B
15M-011B
15M-012B
15M-013B
15M-014B
15M-015B
15M-016B
15M-017A
15M-019D
15M-021D
15M-024D
15M-025D
15M-026D
15M-027D
15M-028D
15M-029D
15M-030D
15M-032D
15M-034D
15M-035D
15M-039D
15M-041D
15M-042D
15M-048D
15M-049D
15M-050D
15M-051D
15M-053D
15M-054D
15M-058D
15M-059D
15M-060D
15M-063D
15M-064D
15M-065D
15M-069D
15M-070D
15M-071D
15M-072D
15M-073D
15M-074D
16F-001B
16F-002B
16F-003B
16F-004B
16F-005B
16F-006B
16F-007B
16F-008B
16F-009B
16F-010B
16F-011B
16F-012B
16F-013B
16F-014B
16F-015B
16F-016A
16F-017B
16F-018A
16F-019B
16F-020A
16F-021A
16F-022A
16F-023B
16F-024B
16F-025B
16F-028A
16F-029A
16F-031A
16F-032A
16F-034A
16F-035A
16F-036A
16F-037A
16F-038A
16F-039A
16F-040A
16F-041A
16F-042A
16F-043A
16F-044A
16F-045A
16F-047D
16F-050D
16F-053D
16F-054D
16F-055D
16F-057D
16F-058D
16F-059D
16F-060D
16F-062D
16F-065D
16F-069D
16F-070D
16F-071D
16F-077D
16F-082D
16F-085D
16F-087D
16F-089D
16F-093D
16F-094D
16F-095D
16F-096D
16F-097D
16F-098D
16F-099D
16F-101D
16F-103D
16F-104D
16F-106D
16F-108D
16F-110D
16F-111D
17M-001B
17M-002B
17M-003B
17M-004B
17M-005B
17M-006B
17M-007B
17M-008B
17M-009B
17M-010B
17M-011B
17M-012B
17M-013B
17M-014B
17M-015B
17M-016A
17M-017B
17M-018A
17M-019B
17M-020A
17M-021A
17M-022A
17M-023B
17M-024B
17M-025B
17M-028A
17M-029A
17M-031A
17M-032A
17M-033A
17M-034A
17M-035A
17M-036A
17M-037A
17M-038A
17M-039A
17M-040A
17M-041A
17M-042A
17M-043A
17M-044A
17M-045A
17M-048D
17M-053D
17M-054D
17M-055D
17M-056D
17M-057D
17M-058D
17M-063D
17M-064D
17M-068D
17M-071D
17M-073D
17M-075D
17M-076D
17M-079D
17M-080D
17M-082D
17M-083D
17M-084D
17M-086D
17M-088D
17M-091D
17M-092D
17M-093D
17M-094D
17M-095D
17M-096D
17M-097D
17M-099D
17M-101D
17M-102D
17M-104D
17M-105D
17M-106D
17M-107D
17M-108D
17M-109D
17M-110D
18F-001B
18F-002B
18F-003B
18F-004B
18F-005B
18F-006B
18F-007B
18F-008B
18F-009B
18F-010B
18F-011B
18F-012B
18F-013A
18F-014B
18F-015A
18F-017D
18F-019D
18F-022D
18F-023D
18F-024D
18F-026D
18F-027A
18F-028A
18F-030A
18F-031A
18F-032A
18F-033D
18F-034D
18F-035D
18F-036D
18F-037D
18F-038D
19M-001B
19M-002B
19M-003B
19M-004B
19M-005B
19M-006B
19M-007B
19M-008B
19M-009B
19M-010B
19M-011B
19M-012B
19M-013B
19M-014B
19M-015A
19M-016B
19M-017B
19M-018A
19M-019A
19M-020B
19M-021B
19M-022B
19M-024E
19M-025A
19M-026A
19M-028A
19M-029A
19M-030A
19M-031A
19M-032A
19M-033A
19M-034A
19M-035A
19M-036A
19M-037A
19M-038A
19M-039A
19M-040A
19M-041A
19M-042A
19M-045D
19M-047D
19M-050D
19M-052D
19M-053D
19M-054D
19M-055D
19M-058D
19M-060D
19M-065D
19M-066D
19M-082D
19M-084D
19M-090D
19M-092D
19M-093D
19M-094D
19M-095D
19M-097D
19M-100D
19M-105D
19M-106D
19M-108D
19M-109D
20M-001B
20M-002B
20M-003B
20M-004B
20M-005B
20M-006B
20M-007B
20M-008B
20M-009B
20M-010B
20M-011B
20M-012B
20M-013B
20M-014B
20M-015B
20M-016A
20M-017B
20M-018A
20M-019B
20M-020A
20M-021A
20M-022A
20M-023B
20M-024B
20M-025B
20M-026E
20M-028A
20M-029A
20M-030A
20M-031A
20M-032A
20M-033A
20M-034A
20M-035A
20M-036A
20M-037A
20M-038A
20M-039A
20M-040A
20M-041A
20M-042A
20M-043A
20M-044A
20M-045A
20M-048D
20M-053D
20M-054D
20M-055D
20M-057D
20M-058D
20M-059D
20M-061D
20M-063D
20M-064D
20M-068D
20M-069D
20M-070D
20M-071D
20M-073D
20M-079D
20M-083D
20M-084D
20M-086D
20M-088D
20M-091D
20M-092D
20M-093D
20M-094D
20M-095D
20M-096D
20M-097D
20M-099D
20M-101D
20M-102D
20M-104D
20M-106D
20M-107D
20M-108D
20M-109D
20M-110D
21F-001B
21F-002B
21F-003B
21F-004B
21F-005B
21F-006B
21F-007B
21F-008B
21F-009B
21F-010B
21F-011B
21F-012A
21F-013B
21F-014E
21F-015A
21F-016A
21F-017A
21F-018A
21F-019A
21F-020A
21F-024D
21F-027D
21F-028D
21F-029D
21F-031D
21F-032D
21F-033D
21F-035D
21F-037D
21F-038D
21F-042D
21F-043D
21F-050D
21F-052D
21F-053D
22M-001B
22M-002B
22M-003B
22M-004B
22M-005B
22M-006B
22M-007B
22M-008B
22M-009B
22M-010B
22M-011B
22M-012B
22M-013B
22M-014B
22M-015B
22M-016A
22M-017B
22M-018A
22M-019B
22M-020A
22M-021A
22M-022A
22M-023B
22M-024B
22M-025B
22M-028A
22M-029A
22M-030A
22M-031A
22M-032A
22M-033A
22M-034A
22M-035A
22M-036A
22M-037A
22M-038A
22M-039A
22M-040A
22M-041A
22M-042A
22M-043A
22M-044A
22M-045A
22M-046A
22M-048D
22M-050D
22M-053D
22M-054D
22M-055D
22M-056D
22M-057D
22M-058D
22M-059D
22M-061D
22M-063D
22M-064D
22M-066D
22M-068D
22M-069D
22M-070D
22M-071D
22M-072D
22M-074D
22M-075D
22M-076D
22M-077D
22M-078D
22M-081D
22M-082D
22M-084D
22M-085D
22M-087D
22M-089D
22M-093D
22M-094D
22M-095D
22M-096D
22M-097D
22M-098D
22M-100D
22M-102D
22M-103D
22M-107D
22M-108D
22M-109D
22M-110D
23F-001B
23F-002B
23F-003B
23F-004B
23F-005B
23F-006B
23F-007B
23F-008B
23F-009B
23F-010B
23F-011B
23F-012B
23F-013B
23F-014B
23F-015B
23F-016A
23F-017B
23F-018A
23F-019B
23F-020A
23F-021A
23F-022A
23F-023B
23F-024B
23F-025B
23F-026E
23F-028A
23F-029A
23F-031A
23F-032A
23F-034A
23F-035A
23F-036A
23F-037A
23F-038A
23F-039A
23F-040A
23F-041A
23F-042A
23F-043A
23F-044A
23F-045A
23F-047D
23F-048D
23F-050D
23F-052D
23F-053D
23F-054D
23F-055D
23F-057D
23F-058D
23F-059D
23F-061D
23F-063D
23F-064D
23F-068D
23F-069D
23F-086D
23F-087D
23F-088D
23F-091D
23F-095D
23F-096D
23F-097D
23F-098D
23F-099D
23F-100D
23F-101D
23F-103D
23F-105D
23F-106D
23F-110D
23F-111D
23F-112D
23F-113D
23F-114D
24F-001B
24F-002B
24F-003B
24F-004B
24F-005B
24F-006B
24F-007B
24F-008B
24F-009B
24F-010B
24F-011B
24F-012B
24F-013B
24F-014B
24F-015B
24F-016A
24F-017B
24F-018A
24F-019B
24F-020A
24F-021A
24F-022A
24F-023B
24F-024B
24F-025B
24F-026B
24F-029A
24F-030A
24F-031A
24F-032A
24F-033A
24F-034A
24F-035A
24F-036A
24F-037A
24F-038A
24F-039A
24F-040A
24F-041A
24F-042A
24F-043A
24F-044A
24F-045A
24F-046A
24F-048D
24F-049D
24F-051D
24F-054D
24F-055D
24F-056D
24F-057D
24F-058D
24F-059D
24F-060D
24F-062D
24F-064D
24F-065D
24F-066D
24F-069D
24F-070D
24F-073D
24F-075D
24F-077D
24F-078D
24F-079D
24F-082D
24F-087D
24F-089D
24F-090D
24F-095D
24F-096D
24F-097D
24F-102D
24F-103D
24F-104D
24F-105D
24F-107D
24F-108D
24F-109D
24F-110D
24F-112D
24F-113D
25M-001B
25M-002B
25M-003B
25M-004B
25M-005B
25M-006B
25M-007B
25M-008B
25M-009B
25M-010B
25M-011B
25M-012B
25M-013B
25M-014B
25M-015A
25M-016B
25M-017A
25M-018B
25M-019A
25M-020A
25M-021A
25M-022B
25M-023B
25M-024B
25M-027B
25M-028A
25M-029A
25M-030A
25M-031A
25M-032A
25M-033A
25M-034A
25M-035A
25M-036A
25M-037A
25M-038A
25M-039A
25M-040A
25M-041A
25M-042A
25M-043A
25M-044A
25M-045A
25M-047D
25M-050D
25M-053D
25M-054D
25M-055D
25M-057D
25M-058D
25M-063D
25M-064D
25M-068D
25M-070D
25M-071D
25M-073D
25M-075D
25M-076D
25M-086D
25M-087D
25M-089D
25M-091D
25M-095D
25M-096D
25M-097D
25M-098D
25M-099D
25M-100D
25M-102D
25M-105D
25M-109D
25M-110D
25M-111D
25M-112D
25M-113D
26F-001B
26F-002B
26F-003B
26F-004B
26F-005B
26F-006B
26F-007B
26F-008B
26F-009B
26F-010B
26F-011B
26F-012B
26F-013B
26F-014B
26F-015B
26F-016A
26F-017B
26F-018A
26F-019B
26F-020A
26F-021A
26F-022A
26F-023B
26F-024B
26F-025B
26F-028A
26F-029A
26F-030A
26F-031A
26F-032A
26F-034A
26F-035A
26F-036A
26F-037A
26F-038A
26F-039A
26F-040A
26F-041A
26F-042A
26F-043A
26F-044A
26F-045A
26F-048D
26F-050D
26F-053D
26F-054D
26F-055D
26F-057D
26F-058D
26F-059D
26F-061D
26F-064D
26F-068D
26F-069D
26F-070D
26F-071D
26F-074D
26F-076D
26F-077D
26F-078D
26F-079D
26F-081D
26F-082D
26F-083D
26F-084D
26F-085D
26F-087D
26F-089D
26F-094D
26F-095D
26F-096D
26F-097D
26F-098D
26F-100D
26F-102D
26F-103D
26F-106D
26F-107D
26F-108D
26F-109D
26F-110D
26F-111D
27M-001B
27M-002B
27M-003B
27M-004B
27M-005B
27M-006B
27M-007B
27M-008B
27M-009B
27M-010B
27M-011B
27M-012B
27M-013B
27M-014B
27M-015B
27M-016A
27M-017B
27M-018A
27M-019B
27M-020A
27M-021A
27M-022A
27M-023B
27M-024B
27M-025B
27M-028A
27M-029A
27M-031A
27M-032A
27M-034A
27M-035A
27M-036A
27M-037A
27M-038A
27M-039A
27M-040A
27M-041A
27M-042A
27M-043A
27M-044A
27M-045A
27M-048D
27M-054D
27M-056D
27M-058D
27M-062D
27M-065D
27M-070D
27M-071D
27M-075D
27M-086D
27M-088D
27M-090D
27M-096D
27M-098D
27M-099D
27M-101D
27M-104D
27M-105D
27M-108D
27M-109D
27M-110D
27M-111D
27M-112D
28F-001B
28F-002B
28F-003B
28F-004B
28F-005B
28F-006B
28F-007B
28F-008B
28F-009B
28F-010B
28F-011B
28F-012B
28F-013B
28F-014B
28F-015B
28F-016A
28F-017B
28F-018A
28F-019B
28F-020A
28F-021A
28F-022A
28F-023B
28F-024B
28F-025B
28F-026E
28F-028A
28F-029A
28F-032A
28F-040D
28F-041D
28F-042D
28F-044D
28F-045D
28F-046D
28F-048D
28F-051D
28F-056D
28F-059D
28F-062D
28F-063D
28F-064D
28F-065D
28F-072D
28F-074D
28F-076D
28F-081D
28F-082D
28F-085D
28F-086D
28F-088D
28F-090D
28F-091D
28F-095D
28F-096D
28F-097D
28F-098D
29F-001B
29F-002B
29F-003B
29F-004B
29F-005B
29F-006B
29F-007B
29F-008B
29F-009B
29F-010B
29F-011B
29F-012B
29F-013B
29F-014B
29F-015B
29F-016A
29F-017B
29F-018A
29F-019B
29F-020A
29F-021A
29F-022A
29F-023B
29F-024B
29F-025B
29F-027E
29F-028A
29F-029A
29F-031A
29F-032A
29F-033A
29F-037D
29F-038D
29F-041D
29F-042D
29F-044D
29F-050D
29F-052D
29F-053D
29F-058D
29F-068D
29F-072D
29F-074D
29F-076D
29F-078D
29F-087D
29F-096D
29F-097D
29F-098D
29F-099D
29F-100D
30F-001B
30F-002B
30F-003B
30F-004B
30F-005B
30F-006B
30F-007B
30F-008B
30F-009B
30F-010B
30F-011B
30F-012B
30F-013B
30F-014B
30F-015B
30F-016B
30F-017B
30F-018A
30F-019B
30F-020A
30F-021B
30F-022A
30F-023A
30F-024A
30F-025B
30F-026B
30F-027B
30F-028E
30F-030A
30F-031A
30F-032A
30F-033A
30F-034A
30F-036A
30F-037A
30F-038A
30F-039A
30F-040A
30F-041A
30F-042A
30F-043A
30F-044A
30F-045A
30F-046A
30F-047A
30F-057D
30F-059D
30F-060D
30F-065D
30F-066D
30F-070D
30F-071D
30F-073D
30F-088D
30F-090D
30F-092D
30F-099D
30F-100D
30F-101D
30F-103D
30F-106D
30F-110D
30F-111D
30F-112D
30F-113D
31F-001A
31F-002A
31F-003A
31F-004A
31F-005A
31F-006A
31F-007A
31F-008A
31F-010A
31F-011A
31F-012A
31F-015D
31F-020D
31F-021D
31F-025D
31F-027D
31F-028D
31F-029D
31F-030D
31F-031D
31F-032D
31F-033D
31F-034D
31F-035D
31F-036D
31F-037D
31F-038D
31F-039D
31F-040D
31F-041D
31F-043D
31F-044D
31F-045D
31F-047D
31F-049D
31F-052D
31F-054D
31F-056D
31F-057D
32F-001A
32F-002A
32F-003A
32F-004A
32F-005A
32F-006A
32F-008A
32F-009A
32F-011A
32F-012A
32F-013A
32F-021D
32F-022D
32F-023D
32F-025D
32F-027D
32F-028D
32F-029D
32F-030D
32F-031D
32F-032D
32F-034D
32F-035D
32F-036D
32F-037D
32F-038D
32F-039D
32F-040D
32F-041D
32F-042D
32F-046D
32F-049D
32F-051D
32F-053D
32F-054D
33F-001A
33F-002A
33F-004A
33F-005A
33F-006A
33F-007E
33F-008A
33F-009A
33F-011A
33F-012A
33F-013A
33F-018D
33F-019D
33F-021D
33F-025D
33F-026D
33F-027D
33F-028D
33F-029D
33F-030D
33F-031D
33F-032D
33F-033D
33F-034D
33F-035D
33F-036D
33F-037D
33F-038D
33F-039D
33F-041D
33F-042D
33F-049D
33F-051D
33F-052D
33F-053D
33F-054D
34M-001A
34M-002A
34M-003A
34M-004A
34M-005A
34M-006A
34M-007E
34M-008A
34M-009A
34M-011A
34M-012A
34M-013A
34M-014E
34M-016D
34M-021D
34M-022D
34M-023D
34M-025D
34M-027D
34M-029D
34M-030D
34M-031D
34M-034D
34M-035D
34M-036D
34M-037D
34M-038D
34M-039D
34M-041D
34M-043D
34M-046D
34M-047D
34M-048D
34M-050D
34M-051D
35M-001A
35M-002A
35M-004A
35M-005A
35M-006A
35M-008A
35M-009A
35M-011A
35M-014E
35M-016D
35M-021D
35M-022D
35M-023D
35M-025D
35M-027D
35M-028D
35M-029D
35M-030D
35M-031D
35M-032D
35M-033D
35M-034D
35M-035D
35M-036D
35M-037D
35M-038D
35M-039D
35M-040D
35M-046D
35M-048D
35M-050D
35M-051D
